2022-05-18 07:30:49.318  INFO 1 --- [io-30080-exec-4] t.c.a.g.o.controller.DistroController    : searchv1 distro -> userId = 43c46515b1ef4a099d7a59773671ae83
2022-05-18 07:30:49.318  INFO 1 --- [io-30080-exec-4] t.c.a.g.o.client.HierarchyClientRest     : getByAccessUser user.id -> 43c46515b1ef4a099d7a59773671ae83
2022-05-18 07:30:49.872  INFO 1 --- [io-30080-exec-4] t.c.a.g.o.r.DistroSearchRepository       : Start searchViewDistroDashboard
2022-05-18 07:30:50.052  INFO 1 --- [io-30080-exec-4] t.c.a.g.o.r.DistroSearchRepository       : Finish searchViewDistroDashboard
2022-05-18 07:31:15.595  INFO 1 --- [io-30080-exec-5] t.c.a.g.o.controller.DistroController    : getDistroById e4f91edf7f299f56017fbda66d17293f
2022-05-18 07:31:15.596  INFO 1 --- [io-30080-exec-5] t.c.a.g.o.client.HierarchyClientRest     : getByAccessUser user.id -> 43c46515b1ef4a099d7a59773671ae83
2022-05-18 07:31:15.889  INFO 1 --- [io-30080-exec-5] DISTRO SERVICE                           : start - getCompleteDistroById -> e4f91edf7f299f56017fbda66d17293f
2022-05-18 07:31:15.893  INFO 1 --- [io-30080-exec-5] DISTRO SERVICE                           : getCompleteDistroById found distro(entity) distro-no -> DO22/00156 distro.id -> e4f91edf7f299f56017fbda66d17293f
2022-05-18 07:31:41.173  INFO 1 --- [io-30080-exec-5] t.c.a.g.o.service.DistroMapper           : creatorId not equals ownerId
2022-05-18 07:31:41.173  INFO 1 --- [io-30080-exec-5] t.c.a.g.o.service.DistroMapper           : getDistroById -> mapper -> addOwner : getStoreByIdWithApproval
2022-05-18 07:31:45.477  INFO 1 --- [io-30080-exec-5] t.c.a.g.o.service.DistroMapper           : creatorId not equals ownerId
2022-05-18 07:31:45.477  INFO 1 --- [io-30080-exec-5] t.c.a.g.o.service.DistroMapper           : getDistroById -> mapper -> addOwner : getStoreByIdWithApproval
2022-05-18 07:31:53.780  INFO 1 --- [io-30080-exec-5] t.c.a.g.o.service.DistroMapper           : creatorId not equals ownerId
2022-05-18 07:31:53.784  INFO 1 --- [io-30080-exec-5] t.c.a.g.o.service.DistroMapper           : getDistroById -> mapper -> addOwner : getStoreByIdWithApproval
2022-05-18 07:32:14.594  INFO 1 --- [io-30080-exec-5] t.c.a.g.o.service.DistroMapper           : creatorId not equals ownerId
2022-05-18 07:32:14.594  INFO 1 --- [io-30080-exec-5] t.c.a.g.o.service.DistroMapper           : getDistroById -> mapper -> addOwner : getStoreByIdWithApproval
2022-05-18 07:32:31.314  INFO 1 --- [io-30080-exec-5] t.c.a.g.o.service.DistroMapper           : creatorId not equals ownerId
2022-05-18 07:32:31.314  INFO 1 --- [io-30080-exec-5] t.c.a.g.o.service.DistroMapper           : getDistroById -> mapper -> addOwner : getStoreByIdWithApproval
2022-05-18 07:32:41.157  INFO 1 --- [o-30080-exec-10] UPDATE DATA SERVICE                      : update product list for customer with id : 20
2022-05-18 07:32:51.556  INFO 1 --- [io-30080-exec-5] t.c.a.g.o.service.DistroMapper           : creatorId not equals ownerId
2022-05-18 07:32:51.556  INFO 1 --- [io-30080-exec-5] t.c.a.g.o.service.DistroMapper           : getDistroById -> mapper -> addOwner : getStoreByIdWithApproval
2022-05-18 07:32:52.660  INFO 1 --- [o-30080-exec-10] UPDATE DATA SERVICE                      : product list for customer with id : 20 updated successfuly
2022-05-18 07:32:52.661  INFO 1 --- [o-30080-exec-10] UPDATE DATA SERVICE                      : update product success for customer with id : 20
2022-05-18 07:33:03.829  INFO 1 --- [io-30080-exec-5] t.c.a.g.o.service.DistroMapper           : creatorId not equals ownerId
2022-05-18 07:33:03.829  INFO 1 --- [io-30080-exec-5] t.c.a.g.o.service.DistroMapper           : getDistroById -> mapper -> addOwner : getStoreByIdWithApproval
2022-05-18 07:33:22.328  INFO 1 --- [io-30080-exec-5] t.c.a.g.o.service.DistroMapper           : creatorId not equals ownerId
2022-05-18 07:33:22.328  INFO 1 --- [io-30080-exec-5] t.c.a.g.o.service.DistroMapper           : getDistroById -> mapper -> addOwner : getStoreByIdWithApproval
2022-05-18 07:33:26.367  INFO 1 --- [io-30080-exec-5] t.c.a.g.o.service.DistroMapper           : creatorId not equals ownerId
2022-05-18 07:33:26.367  INFO 1 --- [io-30080-exec-5] t.c.a.g.o.service.DistroMapper           : getDistroById -> mapper -> addOwner : getStoreByIdWithApproval
2022-05-18 07:33:38.793  INFO 1 --- [io-30080-exec-5] t.c.a.g.o.service.DistroMapper           : creatorId not equals ownerId
2022-05-18 07:33:38.794  INFO 1 --- [io-30080-exec-5] t.c.a.g.o.service.DistroMapper           : getDistroById -> mapper -> addOwner : getStoreByIdWithApproval
2022-05-18 07:33:39.768  INFO 1 --- [io-30080-exec-5] t.c.a.g.o.service.DistroMapper           : creatorId not equals ownerId
2022-05-18 07:33:39.768  INFO 1 --- [io-30080-exec-5] t.c.a.g.o.service.DistroMapper           : getDistroById -> mapper -> addOwner : getHierarchyInstance
2022-05-18 07:33:39.910  INFO 1 --- [io-30080-exec-5] t.c.a.g.o.service.DistroMapper           : creatorId not equals ownerId
2022-05-18 07:33:39.910  INFO 1 --- [io-30080-exec-5] t.c.a.g.o.service.DistroMapper           : getDistroById -> mapper -> addOwner : getHierarchyInstance
2022-05-18 07:33:40.194  INFO 1 --- [io-30080-exec-5] DISTRO SERVICE                           : finish - getCompleteDistroById -> e4f91edf7f299f56017fbda66d17293f
